<?xml version="1.0" encoding="UTF-8"?>
<!-- Generated by org.testng.reporters.JUnitReportReporter -->
<testsuite hostname="DESKTOP-84GEPC4" failures="0" tests="1" name="testLayer.LoginTest" time="11.913" errors="0" timestamp="2021-06-10T13:24:03 EDT" skipped="0">
  <testcase classname="testLayer.LoginTest" name="Title" time="11.913"/>
  <system-out/>
</testsuite> <!-- testLayer.LoginTest -->
